<?xml version="1.0" encoding="UTF-8"?>
<testsuite xmlns:xsi="http://www.w3.org/2001/XMLSchema-instance" xsi:noNamespaceSchemaLocation="https://maven.apache.org/surefire/maven-failsafe-plugin/xsd/failsafe-test-report-3.0.xsd" version="3.0" name="com.farmosync.pdv.presentation.RegistrarVendaControllerIT" time="53.551" tests="1" errors="0" skipped="0" failures="0">
  <properties>
[...]
</properties>
  <testcase name="deveRegistrarVendaPersistirNoMongoEPublicarNoKafka" classname="com.farmosync.pdv.presentation.RegistrarVendaControllerIT" time="4.75">
    <system-out><![CDATA[18:13:00.777 [main] INFO org.springframework.test.context.support.AnnotationConfigContextLoaderUtils -- Could not detect default configuration classes for test class [com.farmosync.pdv.presentation.RegistrarVendaControllerIT]: RegistrarVendaControllerIT does not declare any static, non-private, non-final, nested classes annotated with @Configuration.
18:13:00.958 [main] INFO org.springframework.boot.test.context.SpringBootTestContextBootstrapper -- Found @SpringBootConfiguration com.farmosync.pdv.PdvServiceApplication for test class com.farmosync.pdv.presentation.RegistrarVendaControllerIT
18:13:01.219 [main] INFO org.testcontainers.images.PullPolicy -- Image pull policy will be performed by: DefaultPullPolicy()
18:13:01.224 [main] INFO org.testcontainers.utility.ImageNameSubstitutor -- Image name substitution will be performed by: DefaultImageNameSubstitutor (composite of 'ConfigurationFileImageNameSubstitutor' and 'PrefixingImageNameSubstitutor')
18:13:02.342 [main] INFO org.testcontainers.dockerclient.DockerClientProviderStrategy -- Found Docker environment with local Npipe socket (npipe:////./pipe/docker_engine)
18:13:02.373 [main] INFO org.testcontainers.DockerClientFactory -- Docker host IP address is localhost
18:13:02.473 [main] INFO org.testcontainers.DockerClientFactory -- Connected to docker: 
  Server Version: 28.4.0
  API Version: 1.51
  Operating System: Docker Desktop
  Total Memory: 3784 MB
18:13:02.880 [main] INFO tc.testcontainers/ryuk:0.6.0 -- Pulling docker image: testcontainers/ryuk:0.6.0. Please be patient; this may take some time but only needs to be done once.
18:13:03.704 [main] INFO org.testcontainers.utility.RegistryAuthLocator -- Credential helper/store (docker-credential-desktop) does not have credentials for https://index.docker.io/v1/
18:13:05.752 [docker-java-stream--623331358] INFO tc.testcontainers/ryuk:0.6.0 -- Starting to pull image
18:13:05.784 [docker-java-stream--623331358] INFO tc.testcontainers/ryuk:0.6.0 -- Pulling image layers:  0 pending,  0 downloaded,  0 extracted, (0 bytes/0 bytes)
18:13:07.478 [docker-java-stream--623331358] INFO tc.testcontainers/ryuk:0.6.0 -- Pulling image layers:  2 pending,  1 downloaded,  0 extracted, (1 MB/? MB)
18:13:07.877 [docker-java-stream--623331358] INFO tc.testcontainers/ryuk:0.6.0 -- Pulling image layers:  1 pending,  2 downloaded,  0 extracted, (2 MB/? MB)
18:13:08.511 [docker-java-stream--623331358] INFO tc.testcontainers/ryuk:0.6.0 -- Pulling image layers:  0 pending,  3 downloaded,  0 extracted, (5 MB/6 MB)
18:13:09.977 [docker-java-stream--623331358] INFO tc.testcontainers/ryuk:0.6.0 -- Pulling image layers:  0 pending,  3 downloaded,  1 extracted, (5 MB/6 MB)
18:13:10.376 [docker-java-stream--623331358] INFO tc.testcontainers/ryuk:0.6.0 -- Pulling image layers:  0 pending,  3 downloaded,  2 extracted, (5 MB/6 MB)
18:13:10.575 [docker-java-stream--623331358] INFO tc.testcontainers/ryuk:0.6.0 -- Pulling image layers:  0 pending,  3 downloaded,  3 extracted, (5 MB/6 MB)
18:13:10.603 [docker-java-stream--623331358] INFO tc.testcontainers/ryuk:0.6.0 -- Pull complete. 3 layers, pulled in 4s (downloaded 5 MB at 1 MB/s)
18:13:10.603 [main] INFO tc.testcontainers/ryuk:0.6.0 -- Image testcontainers/ryuk:0.6.0 pull took PT7.7229235S
18:13:10.788 [main] INFO tc.testcontainers/ryuk:0.6.0 -- Creating container for image: testcontainers/ryuk:0.6.0
18:13:11.257 [main] INFO tc.testcontainers/ryuk:0.6.0 -- Container testcontainers/ryuk:0.6.0 is starting: dd77be37ce029ef75fccc6d31bd109bbce84c8919b045b8dbd5a984ea720c556
18:13:12.414 [main] INFO tc.testcontainers/ryuk:0.6.0 -- Container testcontainers/ryuk:0.6.0 started in PT1.626674S
18:13:12.431 [main] INFO org.testcontainers.utility.RyukResourceReaper -- Ryuk started - will monitor and terminate Testcontainers containers on JVM exit
18:13:12.431 [main] INFO org.testcontainers.DockerClientFactory -- Checking the system...
18:13:12.432 [main] INFO org.testcontainers.DockerClientFactory -- ✔︎ Docker server version should be at least 1.6.0
18:13:12.433 [main] INFO tc.confluentinc/cp-kafka:7.4.0 -- Creating container for image: confluentinc/cp-kafka:7.4.0
18:13:12.601 [main] INFO tc.confluentinc/cp-kafka:7.4.0 -- Container confluentinc/cp-kafka:7.4.0 is starting: 8d7f1fae563cc55de93dca349ed1c4b41d71fdfd2db151f7e782bc1e9df4b11b
18:13:31.227 [main] INFO tc.confluentinc/cp-kafka:7.4.0 -- Container confluentinc/cp-kafka:7.4.0 started in PT18.7941233S
18:13:31.229 [main] INFO tc.mongo:6.0 -- Creating container for image: mongo:6.0
18:13:31.436 [main] INFO tc.mongo:6.0 -- Container mongo:6.0 is starting: 0f68e50c54252cfdc4846b633853c6f0f94784f5fa184b8c5b5f0cbaa205904f
18:13:34.408 [main] INFO tc.mongo:6.0 -- Container mongo:6.0 started in PT3.178791S

  .   ____          _            __ _ _
 /\\ / ___'_ __ _ _(_)_ __  __ _ \ \ \ \
( ( )\___ | '_ | '_| | '_ \/ _` | \ \ \ \
 \\/  ___)| |_)| | | | | || (_| |  ) ) ) )
  '  |____| .__|_| |_|_| |_\__, | / / / /
 =========|_|==============|___/=/_/_/_/
 :: Spring Boot ::                (v3.2.5)

2026-05-18T18:13:42.458-03:00  INFO 36504 --- [pdv-service] [           main] c.f.p.p.RegistrarVendaControllerIT       : Starting RegistrarVendaControllerIT using Java 25 with PID 36504 (started by andre in C:\dev\java-ms\pdv-service)
2026-05-18T18:13:42.463-03:00  INFO 36504 --- [pdv-service] [           main] c.f.p.p.RegistrarVendaControllerIT       : No active profile set, falling back to 1 default profile: "default"
2026-05-18T18:13:43.841-03:00  INFO 36504 --- [pdv-service] [           main] .s.d.r.c.RepositoryConfigurationDelegate : Bootstrapping Spring Data MongoDB repositories in DEFAULT mode.
2026-05-18T18:13:43.961-03:00  INFO 36504 --- [pdv-service] [           main] .s.d.r.c.RepositoryConfigurationDelegate : Finished Spring Data repository scanning in 112 ms. Found 1 MongoDB repository interface.
2026-05-18T18:13:45.461-03:00  INFO 36504 --- [pdv-service] [           main] o.s.b.w.embedded.tomcat.TomcatWebServer  : Tomcat initialized with port 0 (http)
2026-05-18T18:13:45.516-03:00  INFO 36504 --- [pdv-service] [           main] o.apache.catalina.core.StandardService   : Starting service [Tomcat]
2026-05-18T18:13:45.517-03:00  INFO 36504 --- [pdv-service] [           main] o.apache.catalina.core.StandardEngine    : Starting Servlet engine: [Apache Tomcat/10.1.20]
2026-05-18T18:13:45.749-03:00  INFO 36504 --- [pdv-service] [           main] o.a.c.c.C.[Tomcat].[localhost].[/]       : Initializing Spring embedded WebApplicationContext
2026-05-18T18:13:45.750-03:00  INFO 36504 --- [pdv-service] [           main] w.s.c.ServletWebServerApplicationContext : Root WebApplicationContext: initialization completed in 3228 ms
2026-05-18T18:13:46.238-03:00  INFO 36504 --- [pdv-service] [           main] org.mongodb.driver.client                : MongoClient with metadata {"driver": {"name": "mongo-java-driver|sync|spring-boot", "version": "4.11.2"}, "os": {"type": "Windows", "name": "Windows 11", "architecture": "amd64", "version": "10.0"}, "platform": "Java/Oracle Corporation/25+37-LTS-3491"} created with settings MongoClientSettings{readPreference=primary, writeConcern=WriteConcern{w=null, wTimeout=null ms, journal=null}, retryWrites=true, retryReads=true, readConcern=ReadConcern{level=null}, credential=null, transportSettings=null, streamFactoryFactory=null, commandListeners=[], codecRegistry=ProvidersCodecRegistry{codecProviders=[ValueCodecProvider{}, BsonValueCodecProvider{}, DBRefCodecProvider{}, DBObjectCodecProvider{}, DocumentCodecProvider{}, CollectionCodecProvider{}, IterableCodecProvider{}, MapCodecProvider{}, GeoJsonCodecProvider{}, GridFSFileCodecProvider{}, Jsr310CodecProvider{}, JsonObjectCodecProvider{}, BsonCodecProvider{}, EnumCodecProvider{}, com.mongodb.client.model.mql.ExpressionCodecProvider@793d09e, com.mongodb.Jep395RecordCodecProvider@68821f6, com.mongodb.KotlinCodecProvider@3ba46845]}, loggerSettings=LoggerSettings{maxDocumentLength=1000}, clusterSettings={hosts=[localhost:63317], srvServiceName=mongodb, mode=SINGLE, requiredClusterType=UNKNOWN, requiredReplicaSetName='null', serverSelector='null', clusterListeners='[]', serverSelectionTimeout='30000 ms', localThreshold='15 ms'}, socketSettings=SocketSettings{connectTimeoutMS=10000, readTimeoutMS=0, receiveBufferSize=0, proxySettings=ProxySettings{host=null, port=null, username=null, password=null}}, heartbeatSocketSettings=SocketSettings{connectTimeoutMS=10000, readTimeoutMS=10000, receiveBufferSize=0, proxySettings=ProxySettings{host=null, port=null, username=null, password=null}}, connectionPoolSettings=ConnectionPoolSettings{maxSize=100, minSize=0, maxWaitTimeMS=120000, maxConnectionLifeTimeMS=0, maxConnectionIdleTimeMS=0, maintenanceInitialDelayMS=0, maintenanceFrequencyMS=60000, connectionPoolListeners=[], maxConnecting=2}, serverSettings=ServerSettings{heartbeatFrequencyMS=10000, minHeartbeatFrequencyMS=500, serverListeners='[]', serverMonitorListeners='[]'}, sslSettings=SslSettings{enabled=false, invalidHostNameAllowed=false, context=null}, applicationName='null', compressorList=[], uuidRepresentation=JAVA_LEGACY, serverApi=null, autoEncryptionSettings=null, dnsClient=null, inetAddressResolver=null, contextProvider=null}
2026-05-18T18:13:46.284-03:00  INFO 36504 --- [pdv-service] [localhost:63317] org.mongodb.driver.cluster               : Monitor thread successfully connected to server with description ServerDescription{address=localhost:63317, type=REPLICA_SET_PRIMARY, state=CONNECTED, ok=true, minWireVersion=0, maxWireVersion=17, maxDocumentSize=16777216, logicalSessionTimeoutMinutes=30, roundTripTimeNanos=55797300, setName='docker-rs', canonicalAddress=0f68e50c5425:27017, hosts=[0f68e50c5425:27017], passives=[], arbiters=[], primary='0f68e50c5425:27017', tagSet=TagSet{[]}, electionId=7fffffff0000000000000001, setVersion=1, topologyVersion=TopologyVersion{processId=6a0b80fdac35568e3fd5c930, counter=6}, lastWriteDate=Mon May 18 18:13:40 GMT-03:00 2026, lastUpdateTimeNanos=391600025281800}
2026-05-18T18:13:47.911-03:00  INFO 36504 --- [pdv-service] [           main] o.s.b.w.embedded.tomcat.TomcatWebServer  : Tomcat started on port 63322 (http) with context path ''
2026-05-18T18:13:47.945-03:00  INFO 36504 --- [pdv-service] [           main] c.f.p.p.RegistrarVendaControllerIT       : Started RegistrarVendaControllerIT in 6.037 seconds (process running for 49.253)
2026-05-18T18:13:49.377-03:00  INFO 36504 --- [pdv-service] [o-auto-1-exec-1] o.a.c.c.C.[Tomcat].[localhost].[/]       : Initializing Spring DispatcherServlet 'dispatcherServlet'
2026-05-18T18:13:49.379-03:00  INFO 36504 --- [pdv-service] [o-auto-1-exec-1] o.s.web.servlet.DispatcherServlet        : Initializing Servlet 'dispatcherServlet'
2026-05-18T18:13:49.381-03:00  INFO 36504 --- [pdv-service] [o-auto-1-exec-1] o.s.web.servlet.DispatcherServlet        : Completed initialization in 2 ms
2026-05-18T18:13:50.033-03:00  INFO 36504 --- [pdv-service] [o-auto-1-exec-1] o.a.k.clients.producer.ProducerConfig    : ProducerConfig values: 
	acks = -1
	auto.include.jmx.reporter = true
	batch.size = 16384
	bootstrap.servers = [PLAINTEXT://localhost:65493]
	buffer.memory = 33554432
	client.dns.lookup = use_all_dns_ips
	client.id = producer-1
	compression.type = none
	connections.max.idle.ms = 540000
	delivery.timeout.ms = 120000
	enable.idempotence = true
	interceptor.classes = []
	key.serializer = class org.apache.kafka.common.serialization.StringSerializer
	linger.ms = 0
	max.block.ms = 60000
	max.in.flight.requests.per.connection = 5
	max.request.size = 1048576
	metadata.max.age.ms = 300000
	metadata.max.idle.ms = 300000
	metric.reporters = []
	metrics.num.samples = 2
	metrics.recording.level = INFO
	metrics.sample.window.ms = 30000
	partitioner.adaptive.partitioning.enable = true
	partitioner.availability.timeout.ms = 0
	partitioner.class = null
	partitioner.ignore.keys = false
	receive.buffer.bytes = 32768
	reconnect.backoff.max.ms = 1000
	reconnect.backoff.ms = 50
	request.timeout.ms = 30000
	retries = 2147483647
	retry.backoff.ms = 100
	sasl.client.callback.handler.class = null
	sasl.jaas.config = null
	sasl.kerberos.kinit.cmd = /usr/bin/kinit
	sasl.kerberos.min.time.before.relogin = 60000
	sasl.kerberos.service.name = null
	sasl.kerberos.ticket.renew.jitter = 0.05
	sasl.kerberos.ticket.renew.window.factor = 0.8
	sasl.login.callback.handler.class = null
	sasl.login.class = null
	sasl.login.connect.timeout.ms = null
	sasl.login.read.timeout.ms = null
	sasl.login.refresh.buffer.seconds = 300
	sasl.login.refresh.min.period.seconds = 60
	sasl.login.refresh.window.factor = 0.8
	sasl.login.refresh.window.jitter = 0.05
	sasl.login.retry.backoff.max.ms = 10000
	sasl.login.retry.backoff.ms = 100
	sasl.mechanism = GSSAPI
	sasl.oauthbearer.clock.skew.seconds = 30
	sasl.oauthbearer.expected.audience = null
	sasl.oauthbearer.expected.issuer = null
	sasl.oauthbearer.jwks.endpoint.refresh.ms = 3600000
	sasl.oauthbearer.jwks.endpoint.retry.backoff.max.ms = 10000
	sasl.oauthbearer.jwks.endpoint.retry.backoff.ms = 100
	sasl.oauthbearer.jwks.endpoint.url = null
	sasl.oauthbearer.scope.claim.name = scope
	sasl.oauthbearer.sub.claim.name = sub
	sasl.oauthbearer.token.endpoint.url = null
	security.protocol = PLAINTEXT
	security.providers = null
	send.buffer.bytes = 131072
	socket.connection.setup.timeout.max.ms = 30000
	socket.connection.setup.timeout.ms = 10000
	ssl.cipher.suites = null
	ssl.enabled.protocols = [TLSv1.2, TLSv1.3]
	ssl.endpoint.identification.algorithm = https
	ssl.engine.factory.class = null
	ssl.key.password = null
	ssl.keymanager.algorithm = SunX509
	ssl.keystore.certificate.chain = null
	ssl.keystore.key = null
	ssl.keystore.location = null
	ssl.keystore.password = null
	ssl.keystore.type = JKS
	ssl.protocol = TLSv1.3
	ssl.provider = null
	ssl.secure.random.implementation = null
	ssl.trustmanager.algorithm = PKIX
	ssl.truststore.certificates = null
	ssl.truststore.location = null
	ssl.truststore.password = null
	ssl.truststore.type = JKS
	transaction.timeout.ms = 60000
	transactional.id = null
	value.serializer = class org.springframework.kafka.support.serializer.JsonSerializer

2026-05-18T18:13:50.356-03:00  INFO 36504 --- [pdv-service] [o-auto-1-exec-1] o.a.k.clients.producer.KafkaProducer     : [Producer clientId=producer-1] Instantiated an idempotent producer.
2026-05-18T18:13:50.445-03:00  INFO 36504 --- [pdv-service] [o-auto-1-exec-1] o.a.kafka.common.utils.AppInfoParser     : Kafka version: 3.6.2
2026-05-18T18:13:50.446-03:00  INFO 36504 --- [pdv-service] [o-auto-1-exec-1] o.a.kafka.common.utils.AppInfoParser     : Kafka commitId: c4deed513057c94e
2026-05-18T18:13:50.446-03:00  INFO 36504 --- [pdv-service] [o-auto-1-exec-1] o.a.kafka.common.utils.AppInfoParser     : Kafka startTimeMs: 1779138830444
2026-05-18T18:13:51.048-03:00  WARN 36504 --- [pdv-service] [ad | producer-1] org.apache.kafka.clients.NetworkClient   : [Producer clientId=producer-1] Error while fetching metadata with correlation id 1 : {venda-emitida-topic=LEADER_NOT_AVAILABLE}
2026-05-18T18:13:51.051-03:00  INFO 36504 --- [pdv-service] [ad | producer-1] org.apache.kafka.clients.Metadata        : [Producer clientId=producer-1] Cluster ID: EADuCHKMSlSlsShUiooJXw
2026-05-18T18:13:51.178-03:00  WARN 36504 --- [pdv-service] [ad | producer-1] org.apache.kafka.clients.NetworkClient   : [Producer clientId=producer-1] Error while fetching metadata with correlation id 4 : {venda-emitida-topic=LEADER_NOT_AVAILABLE}
2026-05-18T18:13:51.239-03:00  INFO 36504 --- [pdv-service] [ad | producer-1] o.a.k.c.p.internals.TransactionManager   : [Producer clientId=producer-1] ProducerId set to 0 with epoch 0
2026-05-18T18:13:51.293-03:00  WARN 36504 --- [pdv-service] [ad | producer-1] org.apache.kafka.clients.NetworkClient   : [Producer clientId=producer-1] Error while fetching metadata with correlation id 5 : {venda-emitida-topic=LEADER_NOT_AVAILABLE}
2026-05-18T18:13:51.403-03:00  WARN 36504 --- [pdv-service] [ad | producer-1] org.apache.kafka.clients.NetworkClient   : [Producer clientId=producer-1] Error while fetching metadata with correlation id 6 : {venda-emitida-topic=LEADER_NOT_AVAILABLE}
2026-05-18T18:13:51.683-03:00  INFO 36504 --- [pdv-service] [           main] o.a.k.clients.consumer.ConsumerConfig    : ConsumerConfig values: 
	allow.auto.create.topics = true
	auto.commit.interval.ms = 5000
	auto.include.jmx.reporter = true
	auto.offset.reset = earliest
	bootstrap.servers = [PLAINTEXT://localhost:65493]
	check.crcs = true
	client.dns.lookup = use_all_dns_ips
	client.id = consumer-test-group-1
	client.rack = 
	connections.max.idle.ms = 540000
	default.api.timeout.ms = 60000
	enable.auto.commit = true
	exclude.internal.topics = true
	fetch.max.bytes = 52428800
	fetch.max.wait.ms = 500
	fetch.min.bytes = 1
	group.id = test-group
	group.instance.id = null
	heartbeat.interval.ms = 3000
	interceptor.classes = []
	internal.leave.group.on.close = true
	internal.throw.on.fetch.stable.offset.unsupported = false
	isolation.level = read_uncommitted
	key.deserializer = class org.apache.kafka.common.serialization.StringDeserializer
	max.partition.fetch.bytes = 1048576
	max.poll.interval.ms = 300000
	max.poll.records = 500
	metadata.max.age.ms = 300000
	metric.reporters = []
	metrics.num.samples = 2
	metrics.recording.level = INFO
	metrics.sample.window.ms = 30000
	partition.assignment.strategy = [class org.apache.kafka.clients.consumer.RangeAssignor, class org.apache.kafka.clients.consumer.CooperativeStickyAssignor]
	receive.buffer.bytes = 65536
	reconnect.backoff.max.ms = 1000
	reconnect.backoff.ms = 50
	request.timeout.ms = 30000
	retry.backoff.ms = 100
	sasl.client.callback.handler.class = null
	sasl.jaas.config = null
	sasl.kerberos.kinit.cmd = /usr/bin/kinit
	sasl.kerberos.min.time.before.relogin = 60000
	sasl.kerberos.service.name = null
	sasl.kerberos.ticket.renew.jitter = 0.05
	sasl.kerberos.ticket.renew.window.factor = 0.8
	sasl.login.callback.handler.class = null
	sasl.login.class = null
	sasl.login.connect.timeout.ms = null
	sasl.login.read.timeout.ms = null
	sasl.login.refresh.buffer.seconds = 300
	sasl.login.refresh.min.period.seconds = 60
	sasl.login.refresh.window.factor = 0.8
	sasl.login.refresh.window.jitter = 0.05
	sasl.login.retry.backoff.max.ms = 10000
	sasl.login.retry.backoff.ms = 100
	sasl.mechanism = GSSAPI
	sasl.oauthbearer.clock.skew.seconds = 30
	sasl.oauthbearer.expected.audience = null
	sasl.oauthbearer.expected.issuer = null
	sasl.oauthbearer.jwks.endpoint.refresh.ms = 3600000
	sasl.oauthbearer.jwks.endpoint.retry.backoff.max.ms = 10000
	sasl.oauthbearer.jwks.endpoint.retry.backoff.ms = 100
	sasl.oauthbearer.jwks.endpoint.url = null
	sasl.oauthbearer.scope.claim.name = scope
	sasl.oauthbearer.sub.claim.name = sub
	sasl.oauthbearer.token.endpoint.url = null
	security.protocol = PLAINTEXT
	security.providers = null
	send.buffer.bytes = 131072
	session.timeout.ms = 45000
	socket.connection.setup.timeout.max.ms = 30000
	socket.connection.setup.timeout.ms = 10000
	ssl.cipher.suites = null
	ssl.enabled.protocols = [TLSv1.2, TLSv1.3]
	ssl.endpoint.identification.algorithm = https
	ssl.engine.factory.class = null
	ssl.key.password = null
	ssl.keymanager.algorithm = SunX509
	ssl.keystore.certificate.chain = null
	ssl.keystore.key = null
	ssl.keystore.location = null
	ssl.keystore.password = null
	ssl.keystore.type = JKS
	ssl.protocol = TLSv1.3
	ssl.provider = null
	ssl.secure.random.implementation = null
	ssl.trustmanager.algorithm = PKIX
	ssl.truststore.certificates = null
	ssl.truststore.location = null
	ssl.truststore.password = null
	ssl.truststore.type = JKS
	value.deserializer = class org.apache.kafka.common.serialization.StringDeserializer

2026-05-18T18:13:51.750-03:00  INFO 36504 --- [pdv-service] [           main] o.a.kafka.common.utils.AppInfoParser     : Kafka version: 3.6.2
2026-05-18T18:13:51.751-03:00  INFO 36504 --- [pdv-service] [           main] o.a.kafka.common.utils.AppInfoParser     : Kafka commitId: c4deed513057c94e
2026-05-18T18:13:51.752-03:00  INFO 36504 --- [pdv-service] [           main] o.a.kafka.common.utils.AppInfoParser     : Kafka startTimeMs: 1779138831750
2026-05-18T18:13:51.752-03:00  INFO 36504 --- [pdv-service] [           main] o.a.k.clients.consumer.KafkaConsumer     : [Consumer clientId=consumer-test-group-1, groupId=test-group] Subscribed to topic(s): venda-emitida-topic
2026-05-18T18:13:51.770-03:00  INFO 36504 --- [pdv-service] [           main] org.apache.kafka.clients.Metadata        : [Consumer clientId=consumer-test-group-1, groupId=test-group] Cluster ID: EADuCHKMSlSlsShUiooJXw
2026-05-18T18:13:51.888-03:00  INFO 36504 --- [pdv-service] [           main] o.a.k.c.c.internals.ConsumerCoordinator  : [Consumer clientId=consumer-test-group-1, groupId=test-group] Discovered group coordinator localhost:65493 (id: 2147483646 rack: null)
2026-05-18T18:13:51.894-03:00  INFO 36504 --- [pdv-service] [           main] o.a.k.c.c.internals.ConsumerCoordinator  : [Consumer clientId=consumer-test-group-1, groupId=test-group] (Re-)joining group
2026-05-18T18:13:51.927-03:00  INFO 36504 --- [pdv-service] [           main] o.a.k.c.c.internals.ConsumerCoordinator  : [Consumer clientId=consumer-test-group-1, groupId=test-group] Request joining group due to: need to re-join with the given member-id: consumer-test-group-1-58b64321-8fe7-475c-9056-c1793a4e1cd9
2026-05-18T18:13:51.927-03:00  INFO 36504 --- [pdv-service] [           main] o.a.k.c.c.internals.ConsumerCoordinator  : [Consumer clientId=consumer-test-group-1, groupId=test-group] Request joining group due to: rebalance failed due to 'The group member needs to have a valid member id before actually entering a consumer group.' (MemberIdRequiredException)
2026-05-18T18:13:51.927-03:00  INFO 36504 --- [pdv-service] [           main] o.a.k.c.c.internals.ConsumerCoordinator  : [Consumer clientId=consumer-test-group-1, groupId=test-group] (Re-)joining group
2026-05-18T18:13:51.965-03:00  INFO 36504 --- [pdv-service] [           main] o.a.k.c.c.internals.ConsumerCoordinator  : [Consumer clientId=consumer-test-group-1, groupId=test-group] Successfully joined group with generation Generation{generationId=1, memberId='consumer-test-group-1-58b64321-8fe7-475c-9056-c1793a4e1cd9', protocol='range'}
2026-05-18T18:13:51.975-03:00  INFO 36504 --- [pdv-service] [           main] o.a.k.c.c.internals.ConsumerCoordinator  : [Consumer clientId=consumer-test-group-1, groupId=test-group] Finished assignment for group at generation 1: {consumer-test-group-1-58b64321-8fe7-475c-9056-c1793a4e1cd9=Assignment(partitions=[venda-emitida-topic-0])}
2026-05-18T18:13:52.017-03:00  INFO 36504 --- [pdv-service] [           main] o.a.k.c.c.internals.ConsumerCoordinator  : [Consumer clientId=consumer-test-group-1, groupId=test-group] Successfully synced group in generation Generation{generationId=1, memberId='consumer-test-group-1-58b64321-8fe7-475c-9056-c1793a4e1cd9', protocol='range'}
2026-05-18T18:13:52.018-03:00  INFO 36504 --- [pdv-service] [           main] o.a.k.c.c.internals.ConsumerCoordinator  : [Consumer clientId=consumer-test-group-1, groupId=test-group] Notifying assignor about the new Assignment(partitions=[venda-emitida-topic-0])
2026-05-18T18:13:52.021-03:00  INFO 36504 --- [pdv-service] [           main] o.a.k.c.c.internals.ConsumerCoordinator  : [Consumer clientId=consumer-test-group-1, groupId=test-group] Adding newly assigned partitions: venda-emitida-topic-0
2026-05-18T18:13:52.039-03:00  INFO 36504 --- [pdv-service] [           main] o.a.k.c.c.internals.ConsumerCoordinator  : [Consumer clientId=consumer-test-group-1, groupId=test-group] Found no committed offset for partition venda-emitida-topic-0
2026-05-18T18:13:52.063-03:00  INFO 36504 --- [pdv-service] [           main] o.a.k.c.c.internals.SubscriptionState    : [Consumer clientId=consumer-test-group-1, groupId=test-group] Resetting offset for partition venda-emitida-topic-0 to position FetchPosition{offset=0, offsetEpoch=Optional.empty, currentLeader=LeaderAndEpoch{leader=Optional[localhost:65493 (id: 1 rack: null)], epoch=0}}.
2026-05-18T18:13:52.194-03:00  INFO 36504 --- [pdv-service] [           main] o.a.k.c.c.internals.ConsumerCoordinator  : [Consumer clientId=consumer-test-group-1, groupId=test-group] Revoke previously assigned partitions venda-emitida-topic-0
2026-05-18T18:13:52.194-03:00  INFO 36504 --- [pdv-service] [           main] o.a.k.c.c.internals.ConsumerCoordinator  : [Consumer clientId=consumer-test-group-1, groupId=test-group] Member consumer-test-group-1-58b64321-8fe7-475c-9056-c1793a4e1cd9 sending LeaveGroup request to coordinator localhost:65493 (id: 2147483646 rack: null) due to the consumer is being closed
2026-05-18T18:13:52.195-03:00  INFO 36504 --- [pdv-service] [           main] o.a.k.c.c.internals.ConsumerCoordinator  : [Consumer clientId=consumer-test-group-1, groupId=test-group] Resetting generation and member id due to: consumer pro-actively leaving the group
2026-05-18T18:13:52.195-03:00  INFO 36504 --- [pdv-service] [           main] o.a.k.c.c.internals.ConsumerCoordinator  : [Consumer clientId=consumer-test-group-1, groupId=test-group] Request joining group due to: consumer pro-actively leaving the group
2026-05-18T18:13:52.691-03:00  INFO 36504 --- [pdv-service] [           main] o.apache.kafka.common.metrics.Metrics    : Metrics scheduler closed
2026-05-18T18:13:52.691-03:00  INFO 36504 --- [pdv-service] [           main] o.apache.kafka.common.metrics.Metrics    : Closing reporter org.apache.kafka.common.metrics.JmxReporter
2026-05-18T18:13:52.691-03:00  INFO 36504 --- [pdv-service] [           main] o.apache.kafka.common.metrics.Metrics    : Metrics reporters closed
2026-05-18T18:13:52.699-03:00  INFO 36504 --- [pdv-service] [           main] o.a.kafka.common.utils.AppInfoParser     : App info kafka.consumer for consumer-test-group-1 unregistered
]]></system-out>
    <system-err><![CDATA[WARNING: A Java agent has been loaded dynamically (C:\Users\andre\.m2\repository\net\bytebuddy\byte-buddy-agent\1.14.13\byte-buddy-agent-1.14.13.jar)
WARNING: If a serviceability tool is in use, please run with -XX:+EnableDynamicAgentLoading to hide this warning
WARNING: If a serviceability tool is not in use, please run with -Djdk.instrument.traceUsage for more information
WARNING: Dynamic loading of agents will be disallowed by default in a future release
]]></system-err>
  </testcase>
</testsuite>